Common/build/intermediates/manifest_merge_blame_file/mobileLibre3SiDexGoogleDebug/processMobileLibre3SiDexGoogleDebugMainManifest/manifest-merger-blame-mobile-libre3-si-dex-google-debug-report.txt
1<?xml version="1.0" encoding="utf-8"?>
2<manifest xmlns:android="http://schemas.android.com/apk/res/android"
3    package="tk.glucodata.debug"
4    android:versionCode="733"
5    android:versionName="9.7.7-phone-li3-si-x-gDEBUG" > <!-- <uses-sdk android:minSdkVersion="${minSDK}" android:targetSdkVersion="${targetSDK}"/> -->
6    <!-- <uses-sdk tools:overrideLibrary="com.google.android.gms.common, androidx.appcompat.resources, com.google.android.gms.tasks, com.google.android.gms.base, com.google.android.gms.wearable, androidx.health.connect.client"/> -->
7    <uses-sdk
7-->src/mobile/AndroidManifest.xml:8:4-237
8        android:minSdkVersion="26"
9        android:targetSdkVersion="34" />
10
11    <!-- s/^[	 ]*\(.*\)[	 ]*$/<uses-permission android:name="\1"\/>/g -->
12    <uses-permission android:name="android.permission.health.WRITE_BLOOD_GLUCOSE" />
12-->src/mobile/AndroidManifest.xml:13:1-80
12-->src/mobile/AndroidManifest.xml:13:18-78
13
14    <uses-feature
14-->src/mobile/AndroidManifest.xml:14:1-90
15        android:name="android.hardware.type.automotive"
15-->src/mobile/AndroidManifest.xml:14:15-62
16        android:required="false" />
16-->src/mobile/AndroidManifest.xml:14:63-87
17
18    <queries>
18-->src/main/AndroidManifest.xml:46:5-87
19        <package android:name="com.google.android.apps.healthdata" />
19-->src/main/AndroidManifest.xml:46:15-76
19-->src/main/AndroidManifest.xml:46:24-73
20
21        <intent>
21-->src/main/AndroidManifest.xml:49:9-51:18
22            <action android:name="android.intent.action.TTS_SERVICE" />
22-->src/main/AndroidManifest.xml:50:13-72
22-->src/main/AndroidManifest.xml:50:21-69
23        </intent>
24        <intent>
24-->src/main/AndroidManifest.xml:55:15-94
25            <action android:name="android.nfc.action.TECH_DISCOVERED" />
25-->src/main/AndroidManifest.xml:55:24-84
25-->src/main/AndroidManifest.xml:55:32-81
26        </intent>
27        <intent>
27-->src/main/AndroidManifest.xml:57:15-97
28            <action android:name="com.eveningoutpost.dexdrip.BgEstimate" />
28-->src/main/AndroidManifest.xml:57:24-87
28-->src/main/AndroidManifest.xml:57:32-84
29        </intent>
30        <intent>
30-->src/main/AndroidManifest.xml:59:15-76
31            <action android:name="glucodata.Minute" />
31-->src/main/AndroidManifest.xml:59:24-66
31-->src/main/AndroidManifest.xml:59:32-63
32        </intent>
33
34        <package android:name="com.garmin.android.apps.connectmobile" />
34-->[com.garmin.connectiq:ciq-companion-app-sdk:2.2.0] AndroidManifest.xml:14:9-73
34-->[com.garmin.connectiq:ciq-companion-app-sdk:2.2.0] AndroidManifest.xml:14:18-70
35    </queries>
36    <queries>
36-->src/main/AndroidManifest.xml:46:5-87
37        <intent>
38            <action android:name="com.librelink.app.ThirdPartyIntegration.GLUCOSE_READING" />
39        </intent>
40    </queries>
41    <queries>
41-->src/main/AndroidManifest.xml:46:5-87
42        <intent>
43            <action android:name="com.librelink.app.ThirdPartyIntegration.SENSOR_ACTIVATE" />
44        </intent>
45    </queries>
46    <queries>
46-->src/main/AndroidManifest.xml:46:5-87
47        <package android:name="com.garmin.android.apps.connectmobile" />
47-->[com.garmin.connectiq:ciq-companion-app-sdk:2.2.0] AndroidManifest.xml:14:9-73
47-->[com.garmin.connectiq:ciq-companion-app-sdk:2.2.0] AndroidManifest.xml:14:18-70
48    </queries>
49
50    <supports-screens
50-->src/mobile/AndroidManifest.xml:34:5-40:40
51        android:anyDensity="true"
51-->src/mobile/AndroidManifest.xml:35:9-34
52        android:largeScreens="true"
52-->src/mobile/AndroidManifest.xml:36:9-36
53        android:normalScreens="true"
53-->src/mobile/AndroidManifest.xml:37:9-37
54        android:resizeable="true"
54-->src/mobile/AndroidManifest.xml:38:9-34
55        android:smallScreens="true"
55-->src/mobile/AndroidManifest.xml:39:9-36
56        android:xlargeScreens="true" />
56-->src/mobile/AndroidManifest.xml:40:9-37
57
58    <uses-permission android:name="android.permission.FLASHLIGHT" />
58-->src/mobile/AndroidManifest.xml:42:5-69
58-->src/mobile/AndroidManifest.xml:42:22-66
59
60    <uses-feature
60-->src/mobile/AndroidManifest.xml:44:5-91
61        android:name="android.hardware.camera.flash"
61-->src/mobile/AndroidManifest.xml:44:19-63
62        android:required="false" /> <!-- <uses-sdk android:minSdkVersion="${minSDK}" android:targetSdkVersion="${targetSDK}"/> -->
62-->src/mobile/AndroidManifest.xml:44:64-88
63    <uses-permission android:name="android.permission.SYSTEM_ALERT_WINDOW" />
63-->src/main/AndroidManifest.xml:5:5-78
63-->src/main/AndroidManifest.xml:5:22-75
64    <uses-permission android:name="android.permission.ACCESS_NOTIFICATION_POLICY" />
64-->src/main/AndroidManifest.xml:6:5-85
64-->src/main/AndroidManifest.xml:6:22-82
65    <uses-permission android:name="android.permission.POST_NOTIFICATIONS" />
65-->src/main/AndroidManifest.xml:7:5-77
65-->src/main/AndroidManifest.xml:7:22-74
66    <uses-permission android:name="android.permission.FOREGROUND_SERVICE" />
66-->src/main/AndroidManifest.xml:8:5-77
66-->src/main/AndroidManifest.xml:8:22-74
67    <uses-permission android:name="android.permission.FOREGROUND_SERVICE_CONNECTED_DEVICE" /> <!-- s/^[	 ]*\(.*\)[	 ]*$/<uses-permission android:name="\1"\/>/g -->
67-->src/main/AndroidManifest.xml:9:5-94
67-->src/main/AndroidManifest.xml:9:22-91
68    <uses-feature
68-->src/main/AndroidManifest.xml:11:5-82
69        android:name="android.hardware.nfc"
69-->src/main/AndroidManifest.xml:11:19-54
70        android:required="false" />
70-->src/main/AndroidManifest.xml:11:55-79
71    <uses-feature
71-->src/main/AndroidManifest.xml:12:5-78
72        android:glEsVersion="0x00020000"
72-->src/main/AndroidManifest.xml:12:19-51
73        android:required="true" />
73-->src/main/AndroidManifest.xml:12:52-75
74    <uses-feature
74-->src/main/AndroidManifest.xml:13:5-91
75        android:name="android.hardware.bluetooth_le"
75-->src/main/AndroidManifest.xml:13:19-63
76        android:required="false" />
76-->src/main/AndroidManifest.xml:13:64-88
77
78    <uses-permission
78-->src/main/AndroidManifest.xml:15:5-106
79        android:name="android.permission.SCHEDULE_EXACT_ALARM"
79-->src/main/AndroidManifest.xml:15:22-76
80        android:maxSdkVersion="32" />
80-->src/main/AndroidManifest.xml:15:77-103
81    <uses-permission android:name="android.permission.USE_EXACT_ALARM" />
81-->src/main/AndroidManifest.xml:16:5-75
81-->src/main/AndroidManifest.xml:16:22-71
82    <uses-permission android:name="android.permission.WAKE_LOCK" />
82-->src/main/AndroidManifest.xml:17:5-68
82-->src/main/AndroidManifest.xml:17:22-65
83    <uses-permission android:name="android.permission.RECEIVE_BOOT_COMPLETED" />
83-->src/main/AndroidManifest.xml:18:5-81
83-->src/main/AndroidManifest.xml:18:22-78
84    <uses-permission android:name="android.permission.NFC" />
84-->src/main/AndroidManifest.xml:19:5-62
84-->src/main/AndroidManifest.xml:19:22-59
85    <uses-permission android:name="android.permission.INTERNET" />
85-->src/main/AndroidManifest.xml:20:5-67
85-->src/main/AndroidManifest.xml:20:22-64
86    <uses-permission android:name="android.permission.ACCESS_NETWORK_STATE" />
86-->src/main/AndroidManifest.xml:21:5-79
86-->src/main/AndroidManifest.xml:21:22-76
87    <uses-permission android:name="android.permission.VIBRATE" />
87-->src/main/AndroidManifest.xml:22:5-66
87-->src/main/AndroidManifest.xml:22:22-63
88    <uses-permission
88-->src/main/AndroidManifest.xml:23:5-108
89        android:name="android.permission.ACCESS_COARSE_LOCATION"
89-->src/main/AndroidManifest.xml:23:22-78
90        android:maxSdkVersion="30" />
90-->src/main/AndroidManifest.xml:23:79-105
91    <uses-permission
91-->src/main/AndroidManifest.xml:24:5-107
92        android:name="android.permission.ACCESS_FINE_LOCATION"
92-->src/main/AndroidManifest.xml:24:22-76
93        android:maxSdkVersion="30" />
93-->src/main/AndroidManifest.xml:24:78-104
94    <uses-permission
94-->src/main/AndroidManifest.xml:25:5-139
95        android:name="android.permission.ACCESS_BACKGROUND_LOCATION"
95-->src/main/AndroidManifest.xml:25:22-82
96        android:maxSdkVersion="30"
96-->src/main/AndroidManifest.xml:25:110-136
97        android:minSdkVersion="29" />
97-->src/main/AndroidManifest.xml:25:83-109
98    <uses-permission android:name="android.permission.BLUETOOTH_PRIVILEGED" />
98-->src/main/AndroidManifest.xml:26:5-79
98-->src/main/AndroidManifest.xml:26:22-76
99    <uses-permission android:name="android.permission.BLUETOOTH" />
99-->src/main/AndroidManifest.xml:27:5-68
99-->src/main/AndroidManifest.xml:27:22-65
100    <uses-permission android:name="android.permission.BLUETOOTH_ADMIN" /> <!-- <uses-permission android:name="android.permission.BLUETOOTH_PRIVILEGED" /> -->
100-->src/main/AndroidManifest.xml:28:5-74
100-->src/main/AndroidManifest.xml:28:22-71
101    <!--
102 Needed only if your app looks for Bluetooth devices.
103         You must add an attribute to this permission, or declare the
104         ACCESS_FINE_LOCATION permission, depending on the results when you
105         check location usage in your app.
106    -->
107    <uses-permission
107-->src/main/AndroidManifest.xml:36:5-120
108        android:name="android.permission.BLUETOOTH_SCAN"
108-->src/main/AndroidManifest.xml:36:22-70
109        android:usesPermissionFlags="neverForLocation" /> <!-- Needed only if your app makes the device discoverable to Bluetooth devices. -->
109-->src/main/AndroidManifest.xml:36:71-117
110    <uses-permission android:name="android.permission.BLUETOOTH_ADVERTISE" /> <!-- Needed only if your app communicates with already-paired Bluetooth devices. -->
110-->src/main/AndroidManifest.xml:38:5-78
110-->src/main/AndroidManifest.xml:38:22-75
111    <uses-permission android:name="android.permission.BLUETOOTH_CONNECT" />
111-->src/main/AndroidManifest.xml:40:5-76
111-->src/main/AndroidManifest.xml:40:22-73
112
113    <uses-permission-sdk-23 android:name="android.permission.REQUEST_IGNORE_BATTERY_OPTIMIZATIONS" />
113-->src/main/AndroidManifest.xml:61:5-102
113-->src/main/AndroidManifest.xml:61:29-99
114
115    <permission
115-->[androidx.core:core:1.16.0] AndroidManifest.xml:22:5-24:47
116        android:name="tk.glucodata.debug.DYNAMIC_RECEIVER_NOT_EXPORTED_PERMISSION"
116-->[androidx.core:core:1.16.0] AndroidManifest.xml:23:9-81
117        android:protectionLevel="signature" />
117-->[androidx.core:core:1.16.0] AndroidManifest.xml:24:9-44
118
119    <uses-permission android:name="tk.glucodata.debug.DYNAMIC_RECEIVER_NOT_EXPORTED_PERMISSION" />
119-->[androidx.core:core:1.16.0] AndroidManifest.xml:26:5-97
119-->[androidx.core:core:1.16.0] AndroidManifest.xml:26:22-94
120    <uses-permission android:name="android.permission.CAMERA" /> <!-- Don't require camera, as this requires a rear camera. This allows it to work on the Nexus 7 -->
120-->[com.journeyapps:zxing-android-embedded:4.3.0] AndroidManifest.xml:22:5-65
120-->[com.journeyapps:zxing-android-embedded:4.3.0] AndroidManifest.xml:22:22-62
121    <uses-feature
121-->[com.journeyapps:zxing-android-embedded:4.3.0] AndroidManifest.xml:25:5-27:36
122        android:name="android.hardware.camera"
122-->[com.journeyapps:zxing-android-embedded:4.3.0] AndroidManifest.xml:26:9-47
123        android:required="false" />
123-->[com.journeyapps:zxing-android-embedded:4.3.0] AndroidManifest.xml:27:9-33
124    <uses-feature
124-->[com.journeyapps:zxing-android-embedded:4.3.0] AndroidManifest.xml:28:5-30:36
125        android:name="android.hardware.camera.front"
125-->[com.journeyapps:zxing-android-embedded:4.3.0] AndroidManifest.xml:29:9-53
126        android:required="false" /> <!-- TODO replace above two with next line after Android 4.2 -->
126-->[com.journeyapps:zxing-android-embedded:4.3.0] AndroidManifest.xml:30:9-33
127    <!-- <uses-feature android:name="android.hardware.camera.any"/> -->
128    <uses-feature
128-->[com.journeyapps:zxing-android-embedded:4.3.0] AndroidManifest.xml:33:5-35:36
129        android:name="android.hardware.camera.autofocus"
129-->[com.journeyapps:zxing-android-embedded:4.3.0] AndroidManifest.xml:34:9-57
130        android:required="false" />
130-->[com.journeyapps:zxing-android-embedded:4.3.0] AndroidManifest.xml:35:9-33
131    <uses-feature
131-->[com.journeyapps:zxing-android-embedded:4.3.0] AndroidManifest.xml:39:5-41:36
132        android:name="android.hardware.screen.landscape"
132-->[com.journeyapps:zxing-android-embedded:4.3.0] AndroidManifest.xml:40:9-57
133        android:required="false" />
133-->[com.journeyapps:zxing-android-embedded:4.3.0] AndroidManifest.xml:41:9-33
134    <uses-feature
134-->[com.journeyapps:zxing-android-embedded:4.3.0] AndroidManifest.xml:42:5-44:36
135        android:name="android.hardware.wifi"
135-->[com.journeyapps:zxing-android-embedded:4.3.0] AndroidManifest.xml:43:9-45
136        android:required="false" />
136-->[com.journeyapps:zxing-android-embedded:4.3.0] AndroidManifest.xml:44:9-33
137    <!--
138   <uses-sdk android:minSdkVersion="${minSDK}" android:targetSdkVersion="${targetSDK}"
139       tools:ignore="GradleOverrides" />
140    -->
141    <application
142        android:name="tk.glucodata.Applic"
142-->src/mobileSi/AndroidManifest.xml:6:18-52
143        android:allowBackup="false"
143-->src/main/AndroidManifest.xml:66:9-36
144        android:appComponentFactory="androidx.core.app.CoreComponentFactory"
144-->[androidx.core:core:1.16.0] AndroidManifest.xml:28:18-86
145        android:debuggable="true"
145-->src/main/AndroidManifest.xml:67:9-43
146        android:extractNativeLibs="true"
146-->src/main/AndroidManifest.xml:68:9-41
147        android:icon="@mipmap/ic_launcher"
147-->src/mobileSi/AndroidManifest.xml:7:9-43
148        android:label="@string/app_name"
148-->src/mobile/AndroidManifest.xml:49:9-41
149        android:localeConfig="@xml/locales_config"
149-->src/main/AndroidManifest.xml:71:9-51
150        android:pageSizeCompat="enabled"
150-->src/main/AndroidManifest.xml:74:9-41
151        android:persistent="true"
151-->src/main/AndroidManifest.xml:72:9-34
152        android:theme="@style/AppTheme"
152-->src/mobile/AndroidManifest.xml:50:9-40
153        android:usesCleartextTraffic="true" >
153-->src/main/AndroidManifest.xml:73:9-44
154        <meta-data
154-->src/mobileSi/AndroidManifest.xml:9:4-11:65
155            android:name="com.google.android.gms.version"
155-->src/mobileSi/AndroidManifest.xml:10:9-54
156            android:value="@integer/google_play_services_version" />
156-->src/mobileSi/AndroidManifest.xml:11:9-62
157        <meta-data
157-->src/mobileSi/AndroidManifest.xml:12:5-14:37
158            android:name="com.google.mlkit.vision.DEPENDENCIES"
158-->src/mobileSi/AndroidManifest.xml:13:9-60
159            android:value="barcode_ui" />
159-->src/mobileSi/AndroidManifest.xml:14:9-35
160
161        <receiver
161-->src/mobile/AndroidManifest.xml:51:9-61:20
162            android:name="tk.glucodata.GlucoseWidget"
162-->src/mobile/AndroidManifest.xml:52:13-42
163            android:exported="false" >
163-->src/mobile/AndroidManifest.xml:53:13-37
164            <intent-filter>
164-->src/mobile/AndroidManifest.xml:54:13-56:29
165                <action android:name="android.appwidget.action.APPWIDGET_UPDATE" />
165-->src/mobile/AndroidManifest.xml:55:17-84
165-->src/mobile/AndroidManifest.xml:55:25-81
166            </intent-filter>
167
168            <meta-data
168-->src/mobile/AndroidManifest.xml:58:13-60:63
169                android:name="android.appwidget.provider"
169-->src/mobile/AndroidManifest.xml:59:17-58
170                android:resource="@xml/glucose_widget_info" />
170-->src/mobile/AndroidManifest.xml:60:17-60
171        </receiver>
172
173        <activity
173-->src/mobile/AndroidManifest.xml:63:9-76:20
174            android:name="tk.glucodata.MainActivity"
174-->src/mobile/AndroidManifest.xml:64:13-41
175            android:allowEmbedded="true"
175-->src/mobile/AndroidManifest.xml:65:13-41
176            android:autoRemoveFromRecents="false"
176-->src/main/AndroidManifest.xml:80:13-50
177            android:configChanges="orientation|screenSize|screenLayout|keyboardHidden|uiMode|fontScale|locale"
177-->src/main/AndroidManifest.xml:79:13-111
178            android:excludeFromRecents="false"
178-->src/main/AndroidManifest.xml:81:13-47
179            android:exported="true"
179-->src/mobile/AndroidManifest.xml:66:13-36
180            android:label="@string/app_name"
180-->src/mobile/AndroidManifest.xml:67:13-45
181            android:launchMode="singleTask"
181-->src/mobile/AndroidManifest.xml:68:13-44
182            android:resizeableActivity="true"
182-->src/mobile/AndroidManifest.xml:69:13-46
183            android:screenOrientation="reverseLandscape"
183-->src/mobile/AndroidManifest.xml:70:13-57
184            android:stateNotNeeded="true"
184-->src/main/AndroidManifest.xml:84:13-42
185            android:windowSoftInputMode="stateHidden|adjustPan" >
185-->src/main/AndroidManifest.xml:85:13-64
186            <intent-filter>
186-->src/mobile/AndroidManifest.xml:72:13-74:29
187                <action android:name="androidx.health.ACTION_SHOW_PERMISSIONS_RATIONALE" />
187-->src/mobile/AndroidManifest.xml:73:17-92
187-->src/mobile/AndroidManifest.xml:73:25-89
188            </intent-filter>
189            <intent-filter>
189-->src/main/AndroidManifest.xml:86:13-90:29
190                <action android:name="android.intent.action.MAIN" />
190-->src/main/AndroidManifest.xml:87:17-69
190-->src/main/AndroidManifest.xml:87:25-66
191
192                <category android:name="android.intent.category.LAUNCHER" />
192-->src/main/AndroidManifest.xml:88:17-77
192-->src/main/AndroidManifest.xml:88:27-74
193                <category android:name="android.intent.category.DEFAULT" />
193-->src/main/AndroidManifest.xml:89:17-76
193-->src/main/AndroidManifest.xml:89:27-73
194            </intent-filter>
195
196            <meta-data
196-->src/main/AndroidManifest.xml:91:13-116
197                android:name="android.nfc.action.TECH_DISCOVERED"
197-->src/main/AndroidManifest.xml:91:24-73
198                android:resource="@xml/nfc_tech_filter" />
198-->src/main/AndroidManifest.xml:91:74-113
199        </activity>
200
201        <activity-alias
201-->src/main/AndroidManifest.xml:94:9-109:26
202            android:name="tk.glucodata.glucodata"
202-->src/main/AndroidManifest.xml:95:13-38
203            android:enabled="true"
203-->src/main/AndroidManifest.xml:96:13-35
204            android:exported="true"
204-->src/main/AndroidManifest.xml:97:13-36
205            android:label="@string/app_name"
205-->src/main/AndroidManifest.xml:98:13-45
206            android:targetActivity="tk.glucodata.MainActivity" >
206-->src/main/AndroidManifest.xml:99:13-51
207            <intent-filter>
207-->src/main/AndroidManifest.xml:100:13-104:29
208                <action android:name="android.nfc.action.TECH_DISCOVERED" />
208-->src/main/AndroidManifest.xml:55:24-84
208-->src/main/AndroidManifest.xml:55:32-81
209
210                <category android:name="android.intent.category.DEFAULT" />
210-->src/main/AndroidManifest.xml:89:17-76
210-->src/main/AndroidManifest.xml:89:27-73
211            </intent-filter>
212
213            <meta-data
213-->src/main/AndroidManifest.xml:91:13-116
214                android:name="android.nfc.action.TECH_DISCOVERED"
214-->src/main/AndroidManifest.xml:91:24-73
215                android:resource="@xml/nfc_tech_filter" />
215-->src/main/AndroidManifest.xml:91:74-113
216        </activity-alias>
217        <activity-alias
217-->src/mobile/AndroidManifest.xml:77:3-86:20
218            android:name="tk.glucodata.ViewPermissionUsageActivity"
218-->src/mobile/AndroidManifest.xml:78:7-49
219            android:exported="true"
219-->src/mobile/AndroidManifest.xml:79:7-30
220            android:permission="android.permission.START_VIEW_PERMISSION_USAGE"
220-->src/mobile/AndroidManifest.xml:81:7-74
221            android:targetActivity="tk.glucodata.MainActivity" >
221-->src/mobile/AndroidManifest.xml:80:7-45
222            <intent-filter>
222-->src/mobile/AndroidManifest.xml:82:5-85:21
223                <action android:name="android.intent.action.VIEW_PERMISSION_USAGE" />
223-->src/mobile/AndroidManifest.xml:83:7-76
223-->src/mobile/AndroidManifest.xml:83:15-73
224
225                <category android:name="android.intent.category.HEALTH_PERMISSIONS" />
225-->src/mobile/AndroidManifest.xml:84:7-77
225-->src/mobile/AndroidManifest.xml:84:17-74
226            </intent-filter>
227        </activity-alias>
228
229        <service
229-->src/mobile/AndroidManifest.xml:88:9-100:19
230            android:name="tk.glucodata.MessageReceiver"
230-->src/mobile/AndroidManifest.xml:89:13-44
231            android:exported="true" >
231-->src/mobile/AndroidManifest.xml:90:13-36
232            <intent-filter>
232-->src/mobile/AndroidManifest.xml:91:13-99:29
233                <action android:name="com.google.android.gms.wearable.MESSAGE_RECEIVED" />
233-->src/mobile/AndroidManifest.xml:92:17-91
233-->src/mobile/AndroidManifest.xml:92:25-88
234
235                <data
235-->src/mobile/AndroidManifest.xml:93:17-91
236                    android:host="*"
236-->src/mobile/AndroidManifest.xml:93:23-39
237                    android:pathPrefix="/data"
237-->src/mobile/AndroidManifest.xml:93:40-66
238                    android:scheme="wear" />
238-->src/mobile/AndroidManifest.xml:93:67-88
239                <data
239-->src/mobile/AndroidManifest.xml:93:17-91
240                    android:host="*"
240-->src/mobile/AndroidManifest.xml:93:23-39
241                    android:pathPrefix="/messages"
241-->src/mobile/AndroidManifest.xml:93:40-66
242                    android:scheme="wear" />
242-->src/mobile/AndroidManifest.xml:93:67-88
243                <data
243-->src/mobile/AndroidManifest.xml:93:17-91
244                    android:host="*"
244-->src/mobile/AndroidManifest.xml:93:23-39
245                    android:pathPrefix="/netinfo"
245-->src/mobile/AndroidManifest.xml:93:40-66
246                    android:scheme="wear" />
246-->src/mobile/AndroidManifest.xml:93:67-88
247                <data
247-->src/mobile/AndroidManifest.xml:93:17-91
248                    android:host="*"
248-->src/mobile/AndroidManifest.xml:93:23-39
249                    android:pathPrefix="/wake"
249-->src/mobile/AndroidManifest.xml:93:40-66
250                    android:scheme="wear" />
250-->src/mobile/AndroidManifest.xml:93:67-88
251                <data
251-->src/mobile/AndroidManifest.xml:93:17-91
252                    android:host="*"
252-->src/mobile/AndroidManifest.xml:93:23-39
253                    android:pathPrefix="/wakestream"
253-->src/mobile/AndroidManifest.xml:93:40-66
254                    android:scheme="wear" />
254-->src/mobile/AndroidManifest.xml:93:67-88
255                <data
255-->src/mobile/AndroidManifest.xml:93:17-91
256                    android:host="*"
256-->src/mobile/AndroidManifest.xml:93:23-39
257                    android:pathPrefix="/askforstart"
257-->src/mobile/AndroidManifest.xml:93:40-66
258                    android:scheme="wear" />
258-->src/mobile/AndroidManifest.xml:93:67-88
259            </intent-filter>
260        </service>
261
262        <receiver
262-->src/main/AndroidManifest.xml:110:9-119:20
263            android:name="tk.glucodata.NumAlarm"
263-->src/main/AndroidManifest.xml:111:13-37
264            android:enabled="true"
264-->src/main/AndroidManifest.xml:112:13-35
265            android:exported="true" >
265-->src/main/AndroidManifest.xml:113:13-36
266            <intent-filter>
266-->src/main/AndroidManifest.xml:114:13-118:29
267                <action android:name="android.intent.action.BOOT_COMPLETED" />
267-->src/main/AndroidManifest.xml:115:17-79
267-->src/main/AndroidManifest.xml:115:25-76
268                <action android:name="android.intent.action.QUICKBOOT_POWERON" />
268-->src/main/AndroidManifest.xml:116:17-82
268-->src/main/AndroidManifest.xml:116:25-79
269
270                <category android:name="android.intent.category.DEFAULT" />
270-->src/main/AndroidManifest.xml:89:17-76
270-->src/main/AndroidManifest.xml:89:27-73
271            </intent-filter>
272        </receiver>
273        <receiver
273-->src/main/AndroidManifest.xml:120:9-123:38
274            android:name="tk.glucodata.DeleteReceiver"
274-->src/main/AndroidManifest.xml:121:13-43
275            android:enabled="true"
275-->src/main/AndroidManifest.xml:122:13-35
276            android:exported="true" />
276-->src/main/AndroidManifest.xml:123:13-36
277        <receiver
277-->src/main/AndroidManifest.xml:124:9-127:38
278            android:name="tk.glucodata.LossOfSensorAlarm"
278-->src/main/AndroidManifest.xml:125:13-46
279            android:enabled="true"
279-->src/main/AndroidManifest.xml:126:13-35
280            android:exported="true" />
280-->src/main/AndroidManifest.xml:127:13-36
281        <receiver
281-->src/main/AndroidManifest.xml:128:9-131:38
282            android:name="tk.glucodata.ConnectReceiver"
282-->src/main/AndroidManifest.xml:129:13-44
283            android:enabled="true"
283-->src/main/AndroidManifest.xml:130:13-35
284            android:exported="true" />
284-->src/main/AndroidManifest.xml:131:13-36
285        <receiver
285-->src/main/AndroidManifest.xml:132:9-135:38
286            android:name="tk.glucodata.Maintenance"
286-->src/main/AndroidManifest.xml:133:13-40
287            android:enabled="true"
287-->src/main/AndroidManifest.xml:134:13-35
288            android:exported="true" />
288-->src/main/AndroidManifest.xml:135:13-36
289
290        <service
290-->src/main/AndroidManifest.xml:137:9-141:63
291            android:name="tk.glucodata.keeprunning"
291-->src/main/AndroidManifest.xml:138:13-40
292            android:enabled="true"
292-->src/main/AndroidManifest.xml:139:13-35
293            android:exported="true"
293-->src/main/AndroidManifest.xml:140:13-36
294            android:foregroundServiceType="connectedDevice" />
294-->src/main/AndroidManifest.xml:141:13-60
295        <service
295-->src/main/AndroidManifest.xml:148:9-155:19
296            android:name="androidx.appcompat.app.AppLocalesMetadataHolderService"
296-->src/main/AndroidManifest.xml:149:13-82
297            android:enabled="false"
297-->src/main/AndroidManifest.xml:150:13-36
298            android:exported="false" >
298-->src/main/AndroidManifest.xml:151:13-37
299            <meta-data
299-->src/main/AndroidManifest.xml:152:13-154:40
300                android:name="autoStoreLocales"
300-->src/main/AndroidManifest.xml:153:17-48
301                android:value="true" />
301-->src/main/AndroidManifest.xml:154:17-37
302        </service>
303        <service
303-->[androidx.health.connect:connect-client:1.1.0-rc02] AndroidManifest.xml:24:9-32:19
304            android:name="androidx.health.platform.client.impl.sdkservice.HealthDataSdkService"
304-->[androidx.health.connect:connect-client:1.1.0-rc02] AndroidManifest.xml:25:13-96
305            android:enabled="true"
305-->[androidx.health.connect:connect-client:1.1.0-rc02] AndroidManifest.xml:26:13-35
306            android:exported="true" >
306-->[androidx.health.connect:connect-client:1.1.0-rc02] AndroidManifest.xml:27:13-36
307            <intent-filter>
307-->[androidx.health.connect:connect-client:1.1.0-rc02] AndroidManifest.xml:29:13-31:29
308                <action android:name="androidx.health.platform.client.ACTION_BIND_SDK_SERVICE" />
308-->[androidx.health.connect:connect-client:1.1.0-rc02] AndroidManifest.xml:30:17-98
308-->[androidx.health.connect:connect-client:1.1.0-rc02] AndroidManifest.xml:30:25-95
309            </intent-filter>
310        </service>
311        <!--
312        This activity is an invisible delegate activity to start scanner activity
313        and receive result, so it's unnecessary to support screen orientation and
314        we can avoid any side effect from activity recreation in any case.
315        -->
316        <activity
316-->[com.google.android.gms:play-services-code-scanner:16.1.0] AndroidManifest.xml:15:9-20:20
317            android:name="com.google.mlkit.vision.codescanner.internal.GmsBarcodeScanningDelegateActivity"
317-->[com.google.android.gms:play-services-code-scanner:16.1.0] AndroidManifest.xml:16:13-107
318            android:exported="false"
318-->[com.google.android.gms:play-services-code-scanner:16.1.0] AndroidManifest.xml:17:13-37
319            android:screenOrientation="portrait" >
319-->[com.google.android.gms:play-services-code-scanner:16.1.0] AndroidManifest.xml:18:13-49
320        </activity>
321
322        <service
322-->[com.google.mlkit:vision-common:17.0.0] AndroidManifest.xml:9:9-15:19
323            android:name="com.google.mlkit.common.internal.MlKitComponentDiscoveryService"
323-->[com.google.mlkit:vision-common:17.0.0] AndroidManifest.xml:10:13-91
324            android:directBootAware="true"
324-->[com.google.mlkit:common:18.9.0] AndroidManifest.xml:17:13-43
325            android:exported="false" >
325-->[com.google.mlkit:vision-common:17.0.0] AndroidManifest.xml:11:13-37
326            <meta-data
326-->[com.google.mlkit:vision-common:17.0.0] AndroidManifest.xml:12:13-14:85
327                android:name="com.google.firebase.components:com.google.mlkit.vision.common.internal.VisionCommonRegistrar"
327-->[com.google.mlkit:vision-common:17.0.0] AndroidManifest.xml:13:17-124
328                android:value="com.google.firebase.components.ComponentRegistrar" />
328-->[com.google.mlkit:vision-common:17.0.0] AndroidManifest.xml:14:17-82
329            <meta-data
329-->[com.google.mlkit:common:18.9.0] AndroidManifest.xml:20:13-22:85
330                android:name="com.google.firebase.components:com.google.mlkit.common.internal.CommonComponentRegistrar"
330-->[com.google.mlkit:common:18.9.0] AndroidManifest.xml:21:17-120
331                android:value="com.google.firebase.components.ComponentRegistrar" />